<?xml version="1.0" encoding="UTF-8"?>
<testsuite name="StudyTest" tests="2" skipped="0" failures="0" errors="0" timestamp="2021-07-10T07:47:42" hostname="choejihwan-ui-MacBookPro.local" time="0.029">
  <properties/>
  <testcase name="create1()" classname="StudyTest" time="0.027"/>
  <testcase name="create2()" classname="StudyTest" time="0.001"/>
  <system-out><![CDATA[SetUP
create1. study
SetUP
create2. study
]]></system-out>
  <system-err><![CDATA[]]></system-err>
</testsuite>
