<?xml version="1.0" encoding="UTF-8"?>
<testsuite name="ATest" tests="3" skipped="0" failures="0" errors="0" timestamp="2021-07-13T03:50:14" hostname="choejihcBookPro" time="0.099">
  <properties/>
  <testcase name="[1] 15, true" classname="ATest" time="0.09"/>
  <testcase name="[2] 1, false" classname="ATest" time="0.001"/>
  <testcase name="[3] 10, false" classname="ATest" time="0.001"/>
  <system-out><![CDATA[]]></system-out>
  <system-err><![CDATA[]]></system-err>
</testsuite>
